<?xml version="1.0" encoding="UTF-8"?>
<!-- Generated by org.testng.reporters.JUnitXMLReporter -->
<testsuite ignored="6" hostname="Arno" failures="0" tests="4" name="Test" time="72.759" errors="0" timestamp="2023-09-20T18:48:27 BDT">
  <testcase classname="testcases.DarazLoginPageTest" name="testLoginWithInvalidPhoneNo" time="12.31"/>
  <testcase classname="testcases.DarazRegPageTest" name="click_signUp_button" time="6.331"/>
  <testcase classname="testcases.DarazHomePageTest" name="clickSignUpLoginButton" time="25.585"/>
  <testcase classname="testcases.DarazHelpCenterPageTest" name="TestHelpCenterPageTitle" time="26.771"/>
  <testcase classname="utilities.BaseDriverSetup" name="@BeforeTest setBrowser" time="0.0">
    <ignored/>
  </testcase> <!-- @BeforeTest setBrowser -->
  <testcase classname="utilities.BaseDriverSetup" name="@BeforeTest setBrowser" time="0.0">
    <ignored/>
  </testcase> <!-- @BeforeTest setBrowser -->
  <testcase classname="utilities.BaseDriverSetup" name="@AfterTest quitBrowser" time="0.0">
    <ignored/>
  </testcase> <!-- @AfterTest quitBrowser -->
  <testcase classname="utilities.BaseDriverSetup" name="@AfterTest quitBrowser" time="0.0">
    <ignored/>
  </testcase> <!-- @AfterTest quitBrowser -->
  <testcase classname="utilities.BaseDriverSetup" name="@BeforeTest setBrowser" time="0.0">
    <ignored/>
  </testcase> <!-- @BeforeTest setBrowser -->
  <testcase classname="utilities.BaseDriverSetup" name="@AfterTest quitBrowser" time="0.0">
    <ignored/>
  </testcase> <!-- @AfterTest quitBrowser -->
</testsuite> <!-- Test -->
