<?xml version="1.0" encoding="UTF-8"?>
<testng-results ignored="0" total="1" passed="1" failed="0" skipped="0">
  <reporter-output>
  </reporter-output>
  <suite started-at="2023-08-24T20:12:44 BDT" name="Default suite" finished-at="2023-08-24T20:15:37 BDT" duration-ms="172760">
    <groups>
    </groups>
    <test started-at="2023-08-24T20:12:44 BDT" name="Default test" finished-at="2023-08-24T20:15:37 BDT" duration-ms="172760">
      <class name="testcases.DarazHomePageTest">
        <test-method is-config="true" signature="start()[pri:0, instance:testcases.DarazHomePageTest@6caf0677]" started-at="2023-08-24T20:12:43 BDT" name="start" finished-at="2023-08-24T20:12:44 BDT" duration-ms="1433" status="PASS">
          <reporter-output>
          </reporter-output>
        </test-method> <!-- start -->
        <test-method signature="clickSignUpLoginButton()[pri:0, instance:testcases.DarazHomePageTest@6caf0677]" started-at="2023-08-24T20:12:44 BDT" name="clickSignUpLoginButton" finished-at="2023-08-24T20:15:37 BDT" duration-ms="172736" status="PASS">
          <reporter-output>
          </reporter-output>
        </test-method> <!-- clickSignUpLoginButton -->
        <test-method is-config="true" signature="close()[pri:0, instance:testcases.DarazHomePageTest@6caf0677]" started-at="2023-08-24T20:15:37 BDT" name="close" finished-at="2023-08-24T20:15:37 BDT" duration-ms="265" status="PASS">
          <reporter-output>
          </reporter-output>
        </test-method> <!-- close -->
      </class> <!-- testcases.DarazHomePageTest -->
    </test> <!-- Default test -->
  </suite> <!-- Default suite -->
</testng-results>
